# JRE version: OpenJDK Runtime Environment Temurin-17.0.11+9 (17.0.11+9) (build 17.0.11+9)
# Java VM: OpenJDK 64-Bit Server VM Temurin-17.0.11+9 (17.0.11+9, mixed mode, emulated-client, tiered, compressed oops, compressed class ptrs, g1 gc, windows-amd64)
GC Precious Log:
 CPUs: 16 total, 16 available
 Memory: 16098M
 Large Page Support: Disabled
 NUMA Support: Disabled
 Compressed Oops: Enabled (32-bit)
 Heap Region Size: 1M
 Heap Min Capacity: 8M
 Heap Initial Capacity: 252M
 Heap Max Capacity: 1G
 Pre-touch: Disabled
 Parallel Workers: 13
 Concurrent Workers: 3
 Concurrent Refinement Workers: 13
 Periodic GC: Disabled
Heap:
 garbage-first heap   total 109568K, used 32101K [0x00000000c0000000, 0x0000000100000000)
  region size 1024K, 1 young (1024K), 0 survivors (0K)
 Metaspace       used 49892K, committed 50560K, reserved 1114112K
  class space    used 6481K, committed 6720K, reserved 1048576K
GC Heap History (20 events):
Event: 4309.456 GC heap before
{Heap before GC invocations=279 (full 266):
 garbage-first heap   total 109568K, used 32101K [0x00000000c0000000, 0x0000000100000000)
  region size 1024K, 1 young (1024K), 0 survivors (0K)
 Metaspace       used 49892K, committed 50560K, reserved 1114112K
  class space    used 6481K, committed 6720K, reserved 1048576K
}
Event: 4309.475 GC heap after
{Heap after GC invocations=280 (full 267):
 garbage-first heap   total 109568K, used 32101K [0x00000000c0000000, 0x0000000100000000)
  region size 1024K, 0 young (0K), 0 survivors (0K)
 Metaspace       used 49892K, committed 50560K, reserved 1114112K
  class space    used 6481K, committed 6720K, reserved 1048576K
}
Event: 4319.620 GC heap before
{Heap before GC invocations=280 (full 267):
 garbage-first heap   total 109568K, used 32101K [0x00000000c0000000, 0x0000000100000000)
  region size 1024K, 1 young (1024K), 0 survivors (0K)
 Metaspace       used 49892K, committed 50560K, reserved 1114112K
  class space    used 6481K, committed 6720K, reserved 1048576K
}
Event: 4319.640 GC heap after
{Heap after GC invocations=281 (full 268):
 garbage-first heap   total 109568K, used 32101K [0x00000000c0000000, 0x0000000100000000)
  region size 1024K, 0 young (0K), 0 survivors (0K)
 Metaspace       used 49892K, committed 50560K, reserved 1114112K
  class space    used 6481K, committed 6720K, reserved 1048576K
}
Event: 4329.815 GC heap before
{Heap before GC invocations=281 (full 268):
 garbage-first heap   total 109568K, used 32101K [0x00000000c0000000, 0x0000000100000000)
  region size 1024K, 1 young (1024K), 0 survivors (0K)
 Metaspace       used 49892K, committed 50560K, reserved 1114112K
  class space    used 6481K, committed 6720K, reserved 1048576K
}
Event: 4329.832 GC heap after
{Heap after GC invocations=282 (full 269):
 garbage-first heap   total 109568K, used 32101K [0x00000000c0000000, 0x0000000100000000)
  region size 1024K, 0 young (0K), 0 survivors (0K)
 Metaspace       used 49892K, committed 50560K, reserved 1114112K
  class space    used 6481K, committed 6720K, reserved 1048576K
}
Event: 4340.015 GC heap before
{Heap before GC invocations=282 (full 269):
 garbage-first heap   total 109568K, used 32101K [0x00000000c0000000, 0x0000000100000000)
  region size 1024K, 1 young (1024K), 0 survivors (0K)
 Metaspace       used 49892K, committed 50560K, reserved 1114112K
  class space    used 6481K, committed 6720K, reserved 1048576K
}
Event: 4340.033 GC heap after
{Heap after GC invocations=283 (full 270):
 garbage-first heap   total 109568K, used 32101K [0x00000000c0000000, 0x0000000100000000)
  region size 1024K, 0 young (0K), 0 survivors (0K)
 Metaspace       used 49892K, committed 50560K, reserved 1114112K
  class space    used 6481K, committed 6720K, reserved 1048576K
}
Event: 4350.205 GC heap before
{Heap before GC invocations=283 (full 270):
 garbage-first heap   total 109568K, used 32101K [0x00000000c0000000, 0x0000000100000000)
  region size 1024K, 1 young (1024K), 0 survivors (0K)
 Metaspace       used 49892K, committed 50560K, reserved 1114112K
  class space    used 6481K, committed 6720K, reserved 1048576K
}
Event: 4350.222 GC heap after
{Heap after GC invocations=284 (full 271):
 garbage-first heap   total 109568K, used 32101K [0x00000000c0000000, 0x0000000100000000)
  region size 1024K, 0 young (0K), 0 survivors (0K)
 Metaspace       used 49892K, committed 50560K, reserved 1114112K
  class space    used 6481K, committed 6720K, reserved 1048576K
}
Event: 4360.388 GC heap before
{Heap before GC invocations=284 (full 271):
 garbage-first heap   total 109568K, used 32101K [0x00000000c0000000, 0x0000000100000000)
  region size 1024K, 1 young (1024K), 0 survivors (0K)
 Metaspace       used 49892K, committed 50560K, reserved 1114112K
  class space    used 6481K, committed 6720K, reserved 1048576K
}
Event: 4360.405 GC heap after
{Heap after GC invocations=285 (full 272):
 garbage-first heap   total 109568K, used 32101K [0x00000000c0000000, 0x0000000100000000)
  region size 1024K, 0 young (0K), 0 survivors (0K)
 Metaspace       used 49892K, committed 50560K, reserved 1114112K
  class space    used 6481K, committed 6720K, reserved 1048576K
}
Event: 4370.579 GC heap before
{Heap before GC invocations=285 (full 272):
 garbage-first heap   total 109568K, used 32101K [0x00000000c0000000, 0x0000000100000000)
  region size 1024K, 1 young (1024K), 0 survivors (0K)
 Metaspace       used 49892K, committed 50560K, reserved 1114112K
  class space    used 6481K, committed 6720K, reserved 1048576K
}
Event: 4370.600 GC heap after
{Heap after GC invocations=286 (full 273):
 garbage-first heap   total 109568K, used 32101K [0x00000000c0000000, 0x0000000100000000)
  region size 1024K, 0 young (0K), 0 survivors (0K)
 Metaspace       used 49892K, committed 50560K, reserved 1114112K
  class space    used 6481K, committed 6720K, reserved 1048576K
}
Event: 4380.763 GC heap before
{Heap before GC invocations=286 (full 273):
 garbage-first heap   total 109568K, used 32101K [0x00000000c0000000, 0x0000000100000000)
  region size 1024K, 1 young (1024K), 0 survivors (0K)
 Metaspace       used 49892K, committed 50560K, reserved 1114112K
  class space    used 6481K, committed 6720K, reserved 1048576K
}
Event: 4380.780 GC heap after
{Heap after GC invocations=287 (full 274):
 garbage-first heap   total 109568K, used 32101K [0x00000000c0000000, 0x0000000100000000)
  region size 1024K, 0 young (0K), 0 survivors (0K)
 Metaspace       used 49892K, committed 50560K, reserved 1114112K
  class space    used 6481K, committed 6720K, reserved 1048576K
}
Event: 4390.968 GC heap before
{Heap before GC invocations=287 (full 274):
 garbage-first heap   total 109568K, used 32101K [0x00000000c0000000, 0x0000000100000000)
  region size 1024K, 1 young (1024K), 0 survivors (0K)
 Metaspace       used 49892K, committed 50560K, reserved 1114112K
  class space    used 6481K, committed 6720K, reserved 1048576K
}
Event: 4390.987 GC heap after
{Heap after GC invocations=288 (full 275):
 garbage-first heap   total 109568K, used 32101K [0x00000000c0000000, 0x0000000100000000)
  region size 1024K, 0 young (0K), 0 survivors (0K)
 Metaspace       used 49892K, committed 50560K, reserved 1114112K
  class space    used 6481K, committed 6720K, reserved 1048576K
}
Event: 4401.157 GC heap before
{Heap before GC invocations=288 (full 275):
 garbage-first heap   total 109568K, used 32101K [0x00000000c0000000, 0x0000000100000000)
  region size 1024K, 1 young (1024K), 0 survivors (0K)
 Metaspace       used 49892K, committed 50560K, reserved 1114112K
  class space    used 6481K, committed 6720K, reserved 1048576K
}
Event: 4401.174 GC heap after
{Heap after GC invocations=289 (full 276):
 garbage-first heap   total 109568K, used 32101K [0x00000000c0000000, 0x0000000100000000)
  region size 1024K, 0 young (0K), 0 survivors (0K)
 Metaspace       used 49892K, committed 50560K, reserved 1114112K
  class space    used 6481K, committed 6720K, reserved 1048576K
}

